# JRE version: Java(TM) SE Runtime Environment (8.0_231-b11) (build 1.8.0_231-b11)
# Java VM: Java HotSpot(TM) 64-Bit Server VM (25.231-b11 mixed mode windows-amd64 compressed oops)
Heap:
 PSYoungGen      total 417280K, used 14574K [0x00000000e0000000, 0x0000000100000000, 0x0000000100000000)
  eden space 303616K, 4% used [0x00000000e0000000,0x00000000e0e3b8f8,0x00000000f2880000)
  from space 113664K, 0% used [0x00000000f9100000,0x00000000f9100000,0x0000000100000000)
  to   space 107008K, 0% used [0x00000000f2880000,0x00000000f2880000,0x00000000f9100000)
 ParOldGen       total 498176K, used 85829K [0x00000000a0000000, 0x00000000be680000, 0x00000000e0000000)
  object space 498176K, 17% used [0x00000000a0000000,0x00000000a53d16a8,0x00000000be680000)
 Metaspace       used 96156K, capacity 100020K, committed 101544K, reserved 1136640K
  class space    used 12922K, capacity 13706K, committed 13992K, reserved 1048576K
GC Heap History (10 events):
Event: 272.206 GC heap before
{Heap before GC invocations=22 (full 3):
 PSYoungGen      total 350720K, used 334217K [0x00000000e0000000, 0x00000000f9e00000, 0x0000000100000000)
  eden space 291840K, 100% used [0x00000000e0000000,0x00000000f1d00000,0x00000000f1d00000)
  from space 58880K, 71% used [0x00000000f5980000,0x00000000f82e27a0,0x00000000f9300000)
  to   space 61952K, 0% used [0x00000000f1d00000,0x00000000f1d00000,0x00000000f5980000)
 ParOldGen       total 328192K, used 95200K [0x00000000a0000000, 0x00000000b4080000, 0x00000000e0000000)
  object space 328192K, 29% used [0x00000000a0000000,0x00000000a5cf80a0,0x00000000b4080000)
 Metaspace       used 86709K, capacity 90680K, committed 90752K, reserved 1128448K
  class space    used 11656K, capacity 12396K, committed 12416K, reserved 1048576K
Event: 272.247 GC heap after
Heap after GC invocations=22 (full 3):
 PSYoungGen      total 353792K, used 61925K [0x00000000e0000000, 0x00000000fce80000, 0x0000000100000000)
  eden space 291840K, 0% used [0x00000000e0000000,0x00000000e0000000,0x00000000f1d00000)
  from space 61952K, 99% used [0x00000000f1d00000,0x00000000f59794b8,0x00000000f5980000)
  to   space 73216K, 0% used [0x00000000f8700000,0x00000000f8700000,0x00000000fce80000)
 ParOldGen       total 328192K, used 100679K [0x00000000a0000000, 0x00000000b4080000, 0x00000000e0000000)
  object space 328192K, 30% used [0x00000000a0000000,0x00000000a6251e90,0x00000000b4080000)
 Metaspace       used 86709K, capacity 90680K, committed 90752K, reserved 1128448K
  class space    used 11656K, capacity 12396K, committed 12416K, reserved 1048576K
}
Event: 275.192 GC heap before
{Heap before GC invocations=23 (full 3):
 PSYoungGen      total 353792K, used 353765K [0x00000000e0000000, 0x00000000fce80000, 0x0000000100000000)
  eden space 291840K, 100% used [0x00000000e0000000,0x00000000f1d00000,0x00000000f1d00000)
  from space 61952K, 99% used [0x00000000f1d00000,0x00000000f59794b8,0x00000000f5980000)
  to   space 73216K, 0% used [0x00000000f8700000,0x00000000f8700000,0x00000000fce80000)
 ParOldGen       total 328192K, used 100679K [0x00000000a0000000, 0x00000000b4080000, 0x00000000e0000000)
  object space 328192K, 30% used [0x00000000a0000000,0x00000000a6251e90,0x00000000b4080000)
 Metaspace       used 89002K, capacity 93120K, committed 93440K, reserved 1130496K
  class space    used 11980K, capacity 12746K, committed 12800K, reserved 1048576K
Event: 275.267 GC heap after
Heap after GC invocations=23 (full 3):
 PSYoungGen      total 390656K, used 70329K [0x00000000e0000000, 0x00000000fe700000, 0x0000000100000000)
  eden space 317440K, 0% used [0x00000000e0000000,0x00000000e0000000,0x00000000f3600000)
  from space 73216K, 96% used [0x00000000f8700000,0x00000000fcbae600,0x00000000fce80000)
  to   space 82944K, 0% used [0x00000000f3600000,0x00000000f3600000,0x00000000f8700000)
 ParOldGen       total 328192K, used 117165K [0x00000000a0000000, 0x00000000b4080000, 0x00000000e0000000)
  object space 328192K, 35% used [0x00000000a0000000,0x00000000a726b6c8,0x00000000b4080000)
 Metaspace       used 89002K, capacity 93120K, committed 93440K, reserved 1130496K
  class space    used 11980K, capacity 12746K, committed 12800K, reserved 1048576K
}
Event: 277.334 GC heap before
{Heap before GC invocations=24 (full 3):
 PSYoungGen      total 390656K, used 386944K [0x00000000e0000000, 0x00000000fe700000, 0x0000000100000000)
  eden space 317440K, 99% used [0x00000000e0000000,0x00000000f3531a60,0x00000000f3600000)
  from space 73216K, 96% used [0x00000000f8700000,0x00000000fcbae600,0x00000000fce80000)
  to   space 82944K, 0% used [0x00000000f3600000,0x00000000f3600000,0x00000000f8700000)
 ParOldGen       total 328192K, used 117165K [0x00000000a0000000, 0x00000000b4080000, 0x00000000e0000000)
  object space 328192K, 35% used [0x00000000a0000000,0x00000000a726b6c8,0x00000000b4080000)
 Metaspace       used 92418K, capacity 96836K, committed 97024K, reserved 1132544K
  class space    used 12498K, capacity 13304K, committed 13312K, reserved 1048576K
Event: 277.434 GC heap after
Heap after GC invocations=24 (full 3):
 PSYoungGen      total 400384K, used 82932K [0x00000000e0000000, 0x0000000100000000, 0x0000000100000000)
  eden space 317440K, 0% used [0x00000000e0000000,0x00000000e0000000,0x00000000f3600000)
  from space 82944K, 99% used [0x00000000f3600000,0x00000000f86fd0b0,0x00000000f8700000)
  to   space 113664K, 0% used [0x00000000f9100000,0x00000000f9100000,0x0000000100000000)
 ParOldGen       total 328192K, used 165336K [0x00000000a0000000, 0x00000000b4080000, 0x00000000e0000000)
  object space 328192K, 50% used [0x00000000a0000000,0x00000000aa1763d0,0x00000000b4080000)
 Metaspace       used 92418K, capacity 96836K, committed 97024K, reserved 1132544K
  class space    used 12498K, capacity 13304K, committed 13312K, reserved 1048576K
}
Event: 295.668 GC heap before
{Heap before GC invocations=25 (full 3):
 PSYoungGen      total 400384K, used 142625K [0x00000000e0000000, 0x0000000100000000, 0x0000000100000000)
  eden space 317440K, 18% used [0x00000000e0000000,0x00000000e3a4b598,0x00000000f3600000)
  from space 82944K, 99% used [0x00000000f3600000,0x00000000f86fd0b0,0x00000000f8700000)
  to   space 113664K, 0% used [0x00000000f9100000,0x00000000f9100000,0x0000000100000000)
 ParOldGen       total 328192K, used 165336K [0x00000000a0000000, 0x00000000b4080000, 0x00000000e0000000)
  object space 328192K, 50% used [0x00000000a0000000,0x00000000aa1763d0,0x00000000b4080000)
 Metaspace       used 93891K, capacity 98520K, committed 98600K, reserved 1134592K
  class space    used 12705K, capacity 13574K, committed 13608K, reserved 1048576K
Event: 295.712 GC heap after
Heap after GC invocations=25 (full 3):
 PSYoungGen      total 417280K, used 45230K [0x00000000e0000000, 0x0000000100000000, 0x0000000100000000)
  eden space 303616K, 0% used [0x00000000e0000000,0x00000000e0000000,0x00000000f2880000)
  from space 113664K, 39% used [0x00000000f9100000,0x00000000fbd2b8a0,0x0000000100000000)
  to   space 107008K, 0% used [0x00000000f2880000,0x00000000f2880000,0x00000000f9100000)
 ParOldGen       total 328192K, used 187357K [0x00000000a0000000, 0x00000000b4080000, 0x00000000e0000000)
  object space 328192K, 57% used [0x00000000a0000000,0x00000000ab6f7680,0x00000000b4080000)
 Metaspace       used 93891K, capacity 98520K, committed 98600K, reserved 1134592K
  class space    used 12705K, capacity 13574K, committed 13608K, reserved 1048576K
}
Event: 295.712 GC heap before
{Heap before GC invocations=26 (full 4):
 PSYoungGen      total 417280K, used 45230K [0x00000000e0000000, 0x0000000100000000, 0x0000000100000000)
  eden space 303616K, 0% used [0x00000000e0000000,0x00000000e0000000,0x00000000f2880000)
  from space 113664K, 39% used [0x00000000f9100000,0x00000000fbd2b8a0,0x0000000100000000)
  to   space 107008K, 0% used [0x00000000f2880000,0x00000000f2880000,0x00000000f9100000)
 ParOldGen       total 328192K, used 187357K [0x00000000a0000000, 0x00000000b4080000, 0x00000000e0000000)
  object space 328192K, 57% used [0x00000000a0000000,0x00000000ab6f7680,0x00000000b4080000)
 Metaspace       used 93891K, capacity 98520K, committed 98600K, reserved 1134592K
  class space    used 12705K, capacity 13574K, committed 13608K, reserved 1048576K
Event: 295.949 GC heap after
Heap after GC invocations=26 (full 4):
 PSYoungGen      total 417280K, used 0K [0x00000000e0000000, 0x0000000100000000, 0x0000000100000000)
  eden space 303616K, 0% used [0x00000000e0000000,0x00000000e0000000,0x00000000f2880000)
  from space 113664K, 0% used [0x00000000f9100000,0x00000000f9100000,0x0000000100000000)
  to   space 107008K, 0% used [0x00000000f2880000,0x00000000f2880000,0x00000000f9100000)
 ParOldGen       total 498176K, used 85829K [0x00000000a0000000, 0x00000000be680000, 0x00000000e0000000)
  object space 498176K, 17% used [0x00000000a0000000,0x00000000a53d16a8,0x00000000be680000)
 Metaspace       used 93427K, capacity 97266K, committed 98600K, reserved 1134592K
  class space    used 12559K, capacity 13321K, committed 13608K, reserved 1048576K
}

