# JRE version: Java(TM) SE Runtime Environment (8.0_231-b11) (build 1.8.0_231-b11)
# Java VM: Java HotSpot(TM) 64-Bit Server VM (25.231-b11 mixed mode windows-amd64 compressed oops)
Heap:
 PSYoungGen      total 356864K, used 66344K [0x00000000e0000000, 0x00000000f9780000, 0x0000000100000000)
  eden space 305152K, 8% used [0x00000000e0000000,0x00000000e1a61218,0x00000000f2a00000)
  from space 51712K, 76% used [0x00000000f5f80000,0x00000000f85e90c0,0x00000000f9200000)
  to   space 54784K, 0% used [0x00000000f2a00000,0x00000000f2a00000,0x00000000f5f80000)
 ParOldGen       total 349696K, used 83670K [0x00000000a0000000, 0x00000000b5580000, 0x00000000e0000000)
  object space 349696K, 23% used [0x00000000a0000000,0x00000000a51b5b90,0x00000000b5580000)
 Metaspace       used 91564K, capacity 96458K, committed 96768K, reserved 1132544K
  class space    used 12728K, capacity 13733K, committed 13824K, reserved 1048576K
GC Heap History (10 events):
Event: 16.246 GC heap before
{Heap before GC invocations=13 (full 3):
 PSYoungGen      total 265728K, used 253029K [0x00000000e0000000, 0x00000000f2200000, 0x0000000100000000)
  eden space 239104K, 100% used [0x00000000e0000000,0x00000000ee980000,0x00000000ee980000)
  from space 26624K, 52% used [0x00000000ee980000,0x00000000ef719660,0x00000000f0380000)
  to   space 25600K, 0% used [0x00000000f0900000,0x00000000f0900000,0x00000000f2200000)
 ParOldGen       total 349696K, used 44832K [0x00000000a0000000, 0x00000000b5580000, 0x00000000e0000000)
  object space 349696K, 12% used [0x00000000a0000000,0x00000000a2bc8398,0x00000000b5580000)
 Metaspace       used 65528K, capacity 68196K, committed 68480K, reserved 1107968K
  class space    used 9231K, capacity 9764K, committed 9856K, reserved 1048576K
Event: 16.257 GC heap after
Heap after GC invocations=13 (full 3):
 PSYoungGen      total 271872K, used 15736K [0x00000000e0000000, 0x00000000f3300000, 0x0000000100000000)
  eden space 246272K, 0% used [0x00000000e0000000,0x00000000e0000000,0x00000000ef080000)
  from space 25600K, 61% used [0x00000000f0900000,0x00000000f185e2e0,0x00000000f2200000)
  to   space 25088K, 0% used [0x00000000ef080000,0x00000000ef080000,0x00000000f0900000)
 ParOldGen       total 349696K, used 44840K [0x00000000a0000000, 0x00000000b5580000, 0x00000000e0000000)
  object space 349696K, 12% used [0x00000000a0000000,0x00000000a2bca398,0x00000000b5580000)
 Metaspace       used 65528K, capacity 68196K, committed 68480K, reserved 1107968K
  class space    used 9231K, capacity 9764K, committed 9856K, reserved 1048576K
}
Event: 18.906 GC heap before
{Heap before GC invocations=14 (full 3):
 PSYoungGen      total 271872K, used 262008K [0x00000000e0000000, 0x00000000f3300000, 0x0000000100000000)
  eden space 246272K, 100% used [0x00000000e0000000,0x00000000ef080000,0x00000000ef080000)
  from space 25600K, 61% used [0x00000000f0900000,0x00000000f185e2e0,0x00000000f2200000)
  to   space 25088K, 0% used [0x00000000ef080000,0x00000000ef080000,0x00000000f0900000)
 ParOldGen       total 349696K, used 44840K [0x00000000a0000000, 0x00000000b5580000, 0x00000000e0000000)
  object space 349696K, 12% used [0x00000000a0000000,0x00000000a2bca398,0x00000000b5580000)
 Metaspace       used 72351K, capacity 75356K, committed 75520K, reserved 1114112K
  class space    used 10077K, capacity 10696K, committed 10752K, reserved 1048576K
Event: 18.932 GC heap after
Heap after GC invocations=14 (full 3):
 PSYoungGen      total 271360K, used 25056K [0x00000000e0000000, 0x00000000f4d80000, 0x0000000100000000)
  eden space 246272K, 0% used [0x00000000e0000000,0x00000000e0000000,0x00000000ef080000)
  from space 25088K, 99% used [0x00000000ef080000,0x00000000f08f8370,0x00000000f0900000)
  to   space 34304K, 0% used [0x00000000f2c00000,0x00000000f2c00000,0x00000000f4d80000)
 ParOldGen       total 349696K, used 62319K [0x00000000a0000000, 0x00000000b5580000, 0x00000000e0000000)
  object space 349696K, 17% used [0x00000000a0000000,0x00000000a3cdbfc8,0x00000000b5580000)
 Metaspace       used 72351K, capacity 75356K, committed 75520K, reserved 1114112K
  class space    used 10077K, capacity 10696K, committed 10752K, reserved 1048576K
}
Event: 23.383 GC heap before
{Heap before GC invocations=15 (full 3):
 PSYoungGen      total 271360K, used 271328K [0x00000000e0000000, 0x00000000f4d80000, 0x0000000100000000)
  eden space 246272K, 100% used [0x00000000e0000000,0x00000000ef080000,0x00000000ef080000)
  from space 25088K, 99% used [0x00000000ef080000,0x00000000f08f8370,0x00000000f0900000)
  to   space 34304K, 0% used [0x00000000f2c00000,0x00000000f2c00000,0x00000000f4d80000)
 ParOldGen       total 349696K, used 62319K [0x00000000a0000000, 0x00000000b5580000, 0x00000000e0000000)
  object space 349696K, 17% used [0x00000000a0000000,0x00000000a3cdbfc8,0x00000000b5580000)
 Metaspace       used 75176K, capacity 78408K, committed 78720K, reserved 1116160K
  class space    used 10399K, capacity 11054K, committed 11136K, reserved 1048576K
Event: 23.415 GC heap after
Heap after GC invocations=15 (full 3):
 PSYoungGen      total 301568K, used 34283K [0x00000000e0000000, 0x00000000f5700000, 0x0000000100000000)
  eden space 267264K, 0% used [0x00000000e0000000,0x00000000e0000000,0x00000000f0500000)
  from space 34304K, 99% used [0x00000000f2c00000,0x00000000f4d7af68,0x00000000f4d80000)
  to   space 39936K, 0% used [0x00000000f0500000,0x00000000f0500000,0x00000000f2c00000)
 ParOldGen       total 349696K, used 66160K [0x00000000a0000000, 0x00000000b5580000, 0x00000000e0000000)
  object space 349696K, 18% used [0x00000000a0000000,0x00000000a409c3d8,0x00000000b5580000)
 Metaspace       used 75176K, capacity 78408K, committed 78720K, reserved 1116160K
  class space    used 10399K, capacity 11054K, committed 11136K, reserved 1048576K
}
Event: 25.608 GC heap before
{Heap before GC invocations=16 (full 3):
 PSYoungGen      total 301568K, used 301547K [0x00000000e0000000, 0x00000000f5700000, 0x0000000100000000)
  eden space 267264K, 100% used [0x00000000e0000000,0x00000000f0500000,0x00000000f0500000)
  from space 34304K, 99% used [0x00000000f2c00000,0x00000000f4d7af68,0x00000000f4d80000)
  to   space 39936K, 0% used [0x00000000f0500000,0x00000000f0500000,0x00000000f2c00000)
 ParOldGen       total 349696K, used 66160K [0x00000000a0000000, 0x00000000b5580000, 0x00000000e0000000)
  object space 349696K, 18% used [0x00000000a0000000,0x00000000a409c3d8,0x00000000b5580000)
 Metaspace       used 87185K, capacity 91918K, committed 92160K, reserved 1128448K
  class space    used 12197K, capacity 13203K, committed 13312K, reserved 1048576K
Event: 25.679 GC heap after
Heap after GC invocations=16 (full 3):
 PSYoungGen      total 307200K, used 39914K [0x00000000e0000000, 0x00000000f9200000, 0x0000000100000000)
  eden space 267264K, 0% used [0x00000000e0000000,0x00000000e0000000,0x00000000f0500000)
  from space 39936K, 99% used [0x00000000f0500000,0x00000000f2bfab88,0x00000000f2c00000)
  to   space 51712K, 0% used [0x00000000f5f80000,0x00000000f5f80000,0x00000000f9200000)
 ParOldGen       total 349696K, used 82495K [0x00000000a0000000, 0x00000000b5580000, 0x00000000e0000000)
  object space 349696K, 23% used [0x00000000a0000000,0x00000000a508fd50,0x00000000b5580000)
 Metaspace       used 87185K, capacity 91918K, committed 92160K, reserved 1128448K
  class space    used 12197K, capacity 13203K, committed 13312K, reserved 1048576K
}
Event: 28.144 GC heap before
{Heap before GC invocations=17 (full 3):
 PSYoungGen      total 307200K, used 307178K [0x00000000e0000000, 0x00000000f9200000, 0x0000000100000000)
  eden space 267264K, 100% used [0x00000000e0000000,0x00000000f0500000,0x00000000f0500000)
  from space 39936K, 99% used [0x00000000f0500000,0x00000000f2bfab88,0x00000000f2c00000)
  to   space 51712K, 0% used [0x00000000f5f80000,0x00000000f5f80000,0x00000000f9200000)
 ParOldGen       total 349696K, used 82495K [0x00000000a0000000, 0x00000000b5580000, 0x00000000e0000000)
  object space 349696K, 23% used [0x00000000a0000000,0x00000000a508fd50,0x00000000b5580000)
 Metaspace       used 89607K, capacity 94358K, committed 94592K, reserved 1130496K
  class space    used 12441K, capacity 13433K, committed 13440K, reserved 1048576K
Event: 28.179 GC heap after
Heap after GC invocations=17 (full 3):
 PSYoungGen      total 356864K, used 39332K [0x00000000e0000000, 0x00000000f9780000, 0x0000000100000000)
  eden space 305152K, 0% used [0x00000000e0000000,0x00000000e0000000,0x00000000f2a00000)
  from space 51712K, 76% used [0x00000000f5f80000,0x00000000f85e90c0,0x00000000f9200000)
  to   space 54784K, 0% used [0x00000000f2a00000,0x00000000f2a00000,0x00000000f5f80000)
 ParOldGen       total 349696K, used 83670K [0x00000000a0000000, 0x00000000b5580000, 0x00000000e0000000)
  object space 349696K, 23% used [0x00000000a0000000,0x00000000a51b5b90,0x00000000b5580000)
 Metaspace       used 89607K, capacity 94358K, committed 94592K, reserved 1130496K
  class space    used 12441K, capacity 13433K, committed 13440K, reserved 1048576K
}

