# JRE version: OpenJDK Runtime Environment (8.0_242-b01) (build 1.8.0_242-release-1644-b01)
# Java VM: OpenJDK 64-Bit Server VM (25.242-b01 mixed mode windows-amd64 compressed oops)
Heap:
 PSYoungGen      total 95744K, used 29641K [0x00000000d5580000, 0x00000000dc000000, 0x0000000100000000)
  eden space 82432K, 21% used [0x00000000d5580000,0x00000000d6726128,0x00000000da600000)
  from space 13312K, 86% used [0x00000000db300000,0x00000000dbe4c348,0x00000000dc000000)
  to   space 13312K, 0% used [0x00000000da600000,0x00000000da600000,0x00000000db300000)
 ParOldGen       total 218624K, used 24K [0x0000000080000000, 0x000000008d580000, 0x00000000d5580000)
  object space 218624K, 0% used [0x0000000080000000,0x0000000080006000,0x000000008d580000)
 Metaspace       used 18433K, capacity 19090K, committed 19456K, reserved 1067008K
  class space    used 2514K, capacity 2707K, committed 2816K, reserved 1048576K
GC Heap History (4 events):
Event: 1.074 GC heap before
{Heap before GC invocations=1 (full 0):
 PSYoungGen      total 95744K, used 82432K [0x00000000d5580000, 0x00000000dc000000, 0x0000000100000000)
  eden space 82432K, 100% used [0x00000000d5580000,0x00000000da600000,0x00000000da600000)
  from space 13312K, 0% used [0x00000000db300000,0x00000000db300000,0x00000000dc000000)
  to   space 13312K, 0% used [0x00000000da600000,0x00000000da600000,0x00000000db300000)
 ParOldGen       total 218624K, used 0K [0x0000000080000000, 0x000000008d580000, 0x00000000d5580000)
  object space 218624K, 0% used [0x0000000080000000,0x0000000080000000,0x000000008d580000)
 Metaspace       used 8153K, capacity 8480K, committed 8576K, reserved 1056768K
  class space    used 1034K, capacity 1143K, committed 1152K, reserved 1048576K
Event: 1.081 GC heap after
Heap after GC invocations=1 (full 0):
 PSYoungGen      total 95744K, used 6932K [0x00000000d5580000, 0x00000000dc000000, 0x0000000100000000)
  eden space 82432K, 0% used [0x00000000d5580000,0x00000000d5580000,0x00000000da600000)
  from space 13312K, 52% used [0x00000000da600000,0x00000000dacc50d0,0x00000000db300000)
  to   space 13312K, 0% used [0x00000000db300000,0x00000000db300000,0x00000000dc000000)
 ParOldGen       total 218624K, used 16K [0x0000000080000000, 0x000000008d580000, 0x00000000d5580000)
  object space 218624K, 0% used [0x0000000080000000,0x0000000080004000,0x000000008d580000)
 Metaspace       used 8153K, capacity 8480K, committed 8576K, reserved 1056768K
  class space    used 1034K, capacity 1143K, committed 1152K, reserved 1048576K
}
Event: 1.975 GC heap before
{Heap before GC invocations=2 (full 0):
 PSYoungGen      total 95744K, used 89364K [0x00000000d5580000, 0x00000000dc000000, 0x0000000100000000)
  eden space 82432K, 100% used [0x00000000d5580000,0x00000000da600000,0x00000000da600000)
  from space 13312K, 52% used [0x00000000da600000,0x00000000dacc50d0,0x00000000db300000)
  to   space 13312K, 0% used [0x00000000db300000,0x00000000db300000,0x00000000dc000000)
 ParOldGen       total 218624K, used 16K [0x0000000080000000, 0x000000008d580000, 0x00000000d5580000)
  object space 218624K, 0% used [0x0000000080000000,0x0000000080004000,0x000000008d580000)
 Metaspace       used 16945K, capacity 17646K, committed 17920K, reserved 1064960K
  class space    used 2282K, capacity 2481K, committed 2560K, reserved 1048576K
Event: 1.986 GC heap after
Heap after GC invocations=2 (full 0):
 PSYoungGen      total 95744K, used 11568K [0x00000000d5580000, 0x00000000dc000000, 0x0000000100000000)
  eden space 82432K, 0% used [0x00000000d5580000,0x00000000d5580000,0x00000000da600000)
  from space 13312K, 86% used [0x00000000db300000,0x00000000dbe4c348,0x00000000dc000000)
  to   space 13312K, 0% used [0x00000000da600000,0x00000000da600000,0x00000000db300000)
 ParOldGen       total 218624K, used 24K [0x0000000080000000, 0x000000008d580000, 0x00000000d5580000)
  object space 218624K, 0% used [0x0000000080000000,0x0000000080006000,0x000000008d580000)
 Metaspace       used 16945K, capacity 17646K, committed 17920K, reserved 1064960K
  class space    used 2282K, capacity 2481K, committed 2560K, reserved 1048576K
}

