# JRE version: Java(TM) SE Runtime Environment (8.0_231-b11) (build 1.8.0_231-b11)
# Java VM: Java HotSpot(TM) 64-Bit Server VM (25.231-b11 mixed mode windows-amd64 compressed oops)
Heap:
 PSYoungGen      total 484352K, used 138238K [0x00000000e0000000, 0x0000000100000000, 0x0000000100000000)
  eden space 443904K, 28% used [0x00000000e0000000,0x00000000e7bb63c0,0x00000000fb180000)
  from space 40448K, 28% used [0x00000000fd880000,0x00000000fe3c9638,0x0000000100000000)
  to   space 39936K, 0% used [0x00000000fb180000,0x00000000fb180000,0x00000000fd880000)
 ParOldGen       total 283136K, used 98123K [0x00000000a0000000, 0x00000000b1480000, 0x00000000e0000000)
  object space 283136K, 34% used [0x00000000a0000000,0x00000000a5fd2d98,0x00000000b1480000)
 Metaspace       used 91251K, capacity 96402K, committed 96512K, reserved 1132544K
  class space    used 12762K, capacity 13817K, committed 13824K, reserved 1048576K
GC Heap History (10 events):
Event: 7.361 GC heap before
{Heap before GC invocations=11 (full 3):
 PSYoungGen      total 263168K, used 20580K [0x00000000e0000000, 0x00000000f6c00000, 0x0000000100000000)
  eden space 236544K, 0% used [0x00000000e0000000,0x00000000e0000000,0x00000000ee700000)
  from space 26624K, 77% used [0x00000000f0200000,0x00000000f1619178,0x00000000f1c00000)
  to   space 27648K, 0% used [0x00000000ee700000,0x00000000ee700000,0x00000000f0200000)
 ParOldGen       total 234496K, used 31831K [0x00000000a0000000, 0x00000000ae500000, 0x00000000e0000000)
  object space 234496K, 13% used [0x00000000a0000000,0x00000000a1f15ca0,0x00000000ae500000)
 Metaspace       used 57253K, capacity 59016K, committed 59160K, reserved 1099776K
  class space    used 8056K, capacity 8489K, committed 8576K, reserved 1048576K
Event: 7.543 GC heap after
Heap after GC invocations=11 (full 3):
 PSYoungGen      total 263168K, used 0K [0x00000000e0000000, 0x00000000f6c00000, 0x0000000100000000)
  eden space 236544K, 0% used [0x00000000e0000000,0x00000000e0000000,0x00000000ee700000)
  from space 26624K, 0% used [0x00000000f0200000,0x00000000f0200000,0x00000000f1c00000)
  to   space 27648K, 0% used [0x00000000ee700000,0x00000000ee700000,0x00000000f0200000)
 ParOldGen       total 283136K, used 39961K [0x00000000a0000000, 0x00000000b1480000, 0x00000000e0000000)
  object space 283136K, 14% used [0x00000000a0000000,0x00000000a27067d0,0x00000000b1480000)
 Metaspace       used 57253K, capacity 59016K, committed 59160K, reserved 1099776K
  class space    used 8056K, capacity 8489K, committed 8576K, reserved 1048576K
}
Event: 9.787 GC heap before
{Heap before GC invocations=12 (full 3):
 PSYoungGen      total 263168K, used 236544K [0x00000000e0000000, 0x00000000f6c00000, 0x0000000100000000)
  eden space 236544K, 100% used [0x00000000e0000000,0x00000000ee700000,0x00000000ee700000)
  from space 26624K, 0% used [0x00000000f0200000,0x00000000f0200000,0x00000000f1c00000)
  to   space 27648K, 0% used [0x00000000ee700000,0x00000000ee700000,0x00000000f0200000)
 ParOldGen       total 283136K, used 39961K [0x00000000a0000000, 0x00000000b1480000, 0x00000000e0000000)
  object space 283136K, 14% used [0x00000000a0000000,0x00000000a27067d0,0x00000000b1480000)
 Metaspace       used 65680K, capacity 68552K, committed 68864K, reserved 1107968K
  class space    used 9332K, capacity 9880K, committed 9984K, reserved 1048576K
Event: 9.809 GC heap after
Heap after GC invocations=12 (full 3):
 PSYoungGen      total 264192K, used 27166K [0x00000000e0000000, 0x00000000f8880000, 0x0000000100000000)
  eden space 236544K, 0% used [0x00000000e0000000,0x00000000e0000000,0x00000000ee700000)
  from space 27648K, 98% used [0x00000000ee700000,0x00000000f0187bf8,0x00000000f0200000)
  to   space 31232K, 0% used [0x00000000f6a00000,0x00000000f6a00000,0x00000000f8880000)
 ParOldGen       total 283136K, used 39969K [0x00000000a0000000, 0x00000000b1480000, 0x00000000e0000000)
  object space 283136K, 14% used [0x00000000a0000000,0x00000000a27087d0,0x00000000b1480000)
 Metaspace       used 65680K, capacity 68552K, committed 68864K, reserved 1107968K
  class space    used 9332K, capacity 9880K, committed 9984K, reserved 1048576K
}
Event: 11.906 GC heap before
{Heap before GC invocations=13 (full 3):
 PSYoungGen      total 264192K, used 263710K [0x00000000e0000000, 0x00000000f8880000, 0x0000000100000000)
  eden space 236544K, 100% used [0x00000000e0000000,0x00000000ee700000,0x00000000ee700000)
  from space 27648K, 98% used [0x00000000ee700000,0x00000000f0187bf8,0x00000000f0200000)
  to   space 31232K, 0% used [0x00000000f6a00000,0x00000000f6a00000,0x00000000f8880000)
 ParOldGen       total 283136K, used 39969K [0x00000000a0000000, 0x00000000b1480000, 0x00000000e0000000)
  object space 283136K, 14% used [0x00000000a0000000,0x00000000a27087d0,0x00000000b1480000)
 Metaspace       used 71156K, capacity 74194K, committed 74368K, reserved 1114112K
  class space    used 9967K, capacity 10563K, committed 10624K, reserved 1048576K
Event: 11.929 GC heap after
Heap after GC invocations=13 (full 3):
 PSYoungGen      total 363520K, used 31218K [0x00000000e0000000, 0x00000000f8f80000, 0x0000000100000000)
  eden space 332288K, 0% used [0x00000000e0000000,0x00000000e0000000,0x00000000f4480000)
  from space 31232K, 99% used [0x00000000f6a00000,0x00000000f887ca98,0x00000000f8880000)
  to   space 38400K, 0% used [0x00000000f4480000,0x00000000f4480000,0x00000000f6a00000)
 ParOldGen       total 283136K, used 48114K [0x00000000a0000000, 0x00000000b1480000, 0x00000000e0000000)
  object space 283136K, 16% used [0x00000000a0000000,0x00000000a2efc9e0,0x00000000b1480000)
 Metaspace       used 71156K, capacity 74194K, committed 74368K, reserved 1114112K
  class space    used 9967K, capacity 10563K, committed 10624K, reserved 1048576K
}
Event: 14.997 GC heap before
{Heap before GC invocations=14 (full 3):
 PSYoungGen      total 363520K, used 363506K [0x00000000e0000000, 0x00000000f8f80000, 0x0000000100000000)
  eden space 332288K, 100% used [0x00000000e0000000,0x00000000f4480000,0x00000000f4480000)
  from space 31232K, 99% used [0x00000000f6a00000,0x00000000f887ca98,0x00000000f8880000)
  to   space 38400K, 0% used [0x00000000f4480000,0x00000000f4480000,0x00000000f6a00000)
 ParOldGen       total 283136K, used 48114K [0x00000000a0000000, 0x00000000b1480000, 0x00000000e0000000)
  object space 283136K, 16% used [0x00000000a0000000,0x00000000a2efc9e0,0x00000000b1480000)
 Metaspace       used 77133K, capacity 80628K, committed 80896K, reserved 1118208K
  class space    used 10702K, capacity 11406K, committed 11520K, reserved 1048576K
Event: 15.036 GC heap after
Heap after GC invocations=14 (full 3):
 PSYoungGen      total 370688K, used 29277K [0x00000000e0000000, 0x0000000100000000, 0x0000000100000000)
  eden space 332288K, 0% used [0x00000000e0000000,0x00000000e0000000,0x00000000f4480000)
  from space 38400K, 76% used [0x00000000f4480000,0x00000000f61176a0,0x00000000f6a00000)
  to   space 40448K, 0% used [0x00000000fd880000,0x00000000fd880000,0x0000000100000000)
 ParOldGen       total 283136K, used 77463K [0x00000000a0000000, 0x00000000b1480000, 0x00000000e0000000)
  object space 283136K, 27% used [0x00000000a0000000,0x00000000a4ba5dc0,0x00000000b1480000)
 Metaspace       used 77133K, capacity 80628K, committed 80896K, reserved 1118208K
  class space    used 10702K, capacity 11406K, committed 11520K, reserved 1048576K
}
Event: 17.442 GC heap before
{Heap before GC invocations=15 (full 3):
 PSYoungGen      total 370688K, used 361565K [0x00000000e0000000, 0x0000000100000000, 0x0000000100000000)
  eden space 332288K, 100% used [0x00000000e0000000,0x00000000f4480000,0x00000000f4480000)
  from space 38400K, 76% used [0x00000000f4480000,0x00000000f61176a0,0x00000000f6a00000)
  to   space 40448K, 0% used [0x00000000fd880000,0x00000000fd880000,0x0000000100000000)
 ParOldGen       total 283136K, used 77463K [0x00000000a0000000, 0x00000000b1480000, 0x00000000e0000000)
  object space 283136K, 27% used [0x00000000a0000000,0x00000000a4ba5dc0,0x00000000b1480000)
 Metaspace       used 87085K, capacity 92254K, committed 92416K, reserved 1128448K
  class space    used 12190K, capacity 13225K, committed 13312K, reserved 1048576K
Event: 17.466 GC heap after
Heap after GC invocations=15 (full 3):
 PSYoungGen      total 484352K, used 11557K [0x00000000e0000000, 0x0000000100000000, 0x0000000100000000)
  eden space 443904K, 0% used [0x00000000e0000000,0x00000000e0000000,0x00000000fb180000)
  from space 40448K, 28% used [0x00000000fd880000,0x00000000fe3c9638,0x0000000100000000)
  to   space 39936K, 0% used [0x00000000fb180000,0x00000000fb180000,0x00000000fd880000)
 ParOldGen       total 283136K, used 98123K [0x00000000a0000000, 0x00000000b1480000, 0x00000000e0000000)
  object space 283136K, 34% used [0x00000000a0000000,0x00000000a5fd2d98,0x00000000b1480000)
 Metaspace       used 87085K, capacity 92254K, committed 92416K, reserved 1128448K
  class space    used 12190K, capacity 13225K, committed 13312K, reserved 1048576K
}

